2025-08-23 10:40:00 [INFO] crons/pulls.php LN: 16 :: run ->
2025-08-23 10:40:00 [INFO] crons/pulls.php LN: 401 :: run <-
2025-08-23 10:45:00 [INFO] crons/pulls.php LN: 16 :: run ->
2025-08-23 10:45:00 [WARN] crons/pulls.php LN: 367 :: Skipping: dockwatch, frequency setting will run: 2025-08-24 02:00:00
2025-08-23 10:45:00 [WARN] crons/pulls.php LN: 367 :: Skipping: newt, frequency setting will run: 2025-08-24 02:00:00
2025-08-23 10:45:00 [WARN] crons/pulls.php LN: 367 :: Skipping: glances, frequency setting will run: 2025-08-24 02:00:00
2025-08-23 10:45:00 [WARN] crons/pulls.php LN: 367 :: Skipping: dozzle-agent, frequency setting will run: 2025-08-24 02:00:00
2025-08-23 10:45:00 [WARN] crons/pulls.php LN: 367 :: Skipping: dockerproxy, frequency setting will run: 2025-08-24 02:00:00
2025-08-23 10:45:00 [WARN] crons/pulls.php LN: 367 :: Skipping: monitoring-agent, frequency setting will run: 2025-08-24 02:00:00
2025-08-23 10:45:00 [WARN] crons/pulls.php LN: 367 :: Skipping: beszel-agent, frequency setting will run: 2025-08-24 02:00:00
2025-08-23 10:45:00 [WARN] crons/pulls.php LN: 367 :: Skipping: docker-compose-komodo-import-1, frequency setting will run: 2025-08-24 02:00:00
2025-08-23 10:45:00 [WARN] crons/pulls.php LN: 367 :: Skipping: dockge, frequency setting will run: 2025-08-24 02:00:00
2025-08-23 10:45:00 [WARN] crons/pulls.php LN: 367 :: Skipping: nervous_bardeen, frequency setting will run: 2025-08-24 02:00:00
2025-08-23 10:45:00 [INFO] crons/pulls.php LN: 401 :: run <-
2025-08-23 10:50:00 [INFO] crons/pulls.php LN: 16 :: run ->
2025-08-23 10:50:00 [WARN] crons/pulls.php LN: 367 :: Skipping: dockwatch, frequency setting will run: 2025-08-24 02:00:00
2025-08-23 10:50:00 [WARN] crons/pulls.php LN: 367 :: Skipping: newt, frequency setting will run: 2025-08-24 02:00:00
2025-08-23 10:50:00 [WARN] crons/pulls.php LN: 367 :: Skipping: glances, frequency setting will run: 2025-08-24 02:00:00
2025-08-23 10:50:00 [WARN] crons/pulls.php LN: 367 :: Skipping: dozzle-agent, frequency setting will run: 2025-08-24 02:00:00
2025-08-23 10:50:00 [WARN] crons/pulls.php LN: 367 :: Skipping: dockerproxy, frequency setting will run: 2025-08-24 02:00:00
2025-08-23 10:50:00 [WARN] crons/pulls.php LN: 367 :: Skipping: monitoring-agent, frequency setting will run: 2025-08-24 02:00:00
2025-08-23 10:50:00 [WARN] crons/pulls.php LN: 367 :: Skipping: beszel-agent, frequency setting will run: 2025-08-24 02:00:00
2025-08-23 10:50:00 [WARN] crons/pulls.php LN: 367 :: Skipping: docker-compose-komodo-import-1, frequency setting will run: 2025-08-24 02:00:00
2025-08-23 10:50:00 [WARN] crons/pulls.php LN: 367 :: Skipping: dockge, frequency setting will run: 2025-08-24 02:00:00
2025-08-23 10:50:00 [WARN] crons/pulls.php LN: 367 :: Skipping: nervous_bardeen, frequency setting will run: 2025-08-24 02:00:00
2025-08-23 10:50:00 [INFO] crons/pulls.php LN: 401 :: run <-
